<?xml version="1.0" encoding="UTF-8"?>
<testng-results skipped="0" failed="0" ignored="0" total="1" passed="1">
  <reporter-output>
  </reporter-output>
  <suite name="Default suite" duration-ms="20295" started-at="2018-02-28T19:31:47Z" finished-at="2018-02-28T19:32:07Z">
    <groups>
    </groups>
    <test name="Default test" duration-ms="20295" started-at="2018-02-28T19:31:47Z" finished-at="2018-02-28T19:32:07Z">
      <class name="extentreports.Login">
        <test-method status="PASS" signature="beforeClass()[pri:0, instance:extentreports.Login@59f99ea]" name="beforeClass" is-config="true" duration-ms="14723" started-at="2018-02-28T13:31:47Z" finished-at="2018-02-28T13:32:02Z">
          <reporter-output>
          </reporter-output>
        </test-method> <!-- beforeClass -->
        <test-method status="PASS" signature="test1_validLoginTest()[pri:0, instance:extentreports.Login@59f99ea]" name="test1_validLoginTest" duration-ms="5254" started-at="2018-02-28T13:32:02Z" finished-at="2018-02-28T13:32:07Z">
          <reporter-output>
          </reporter-output>
        </test-method> <!-- test1_validLoginTest -->
        <test-method status="PASS" signature="afterClass()[pri:0, instance:extentreports.Login@59f99ea]" name="afterClass" is-config="true" duration-ms="302" started-at="2018-02-28T13:32:07Z" finished-at="2018-02-28T13:32:07Z">
          <reporter-output>
          </reporter-output>
        </test-method> <!-- afterClass -->
      </class> <!-- extentreports.Login -->
    </test> <!-- Default test -->
  </suite> <!-- Default suite -->
</testng-results>
