<?xml version="1.0" encoding="UTF-8"?>
<!-- Generated by org.testng.reporters.JUnitXMLReporter -->
<testsuite hostname="CAPAGS-EC1801" ignored="0" name="Application Test" tests="3" failures="1" timestamp="27 feb 2018 22:29:12 GMT" time="0.053" errors="0">
  <testcase name="testMethod2" time="0.007" classname="testclasses.TestNG_ReportsAndLogs">
    <failure type="java.lang.AssertionError" message="expected [true] but found [false]">
      <![CDATA[java.lang.AssertionError: expected [true] but found [false]
	at testclasses.TestNG_ReportsAndLogs.testMethod2(TestNG_ReportsAndLogs.java:42)
... Removed 29 stack frames]]>
    </failure>
  </testcase> <!-- testMethod2 -->
  <testcase name="testMethod1" time="0.003" classname="testclasses.TestNG_ReportsAndLogs"/>
  <testcase name="testMethod3" time="0.0" classname="testclasses.TestNG_ReportsAndLogs">
    <skipped/>
  </testcase> <!-- testMethod3 -->
</testsuite> <!-- Application Test -->
