<?xml version="1.0" encoding="UTF-8"?>
<!-- Generated by org.testng.reporters.JUnitXMLReporter -->
<testsuite hostname="CAPAGS-EC1801" ignored="2" name="GroupsDemo" tests="2" failures="0" timestamp="12 feb 2018 22:36:51 GMT" time="0.031" errors="0">
  <testcase name="testAudiA6" time="0.0" classname="testclasses.TestNG_Grouping"/>
  <testcase name="testBMWX6" time="0.0" classname="testclasses.TestNG_Grouping"/>
  <testcase name="testHonda" time="0.0" classname="testclasses.TestNG_Grouping">
    <ignored/>
  </testcase> <!-- testHonda -->
  <testcase name="testNinja" time="0.0" classname="testclasses.TestNG_Grouping">
    <ignored/>
  </testcase> <!-- testNinja -->
</testsuite> <!-- GroupsDemo -->
