<?xml version="1.0" encoding="UTF-8"?>
<!-- Generated by org.testng.reporters.JUnitXMLReporter -->
<testsuite hostname="CAPAGS-EC1801" ignored="0" name="Test 2" tests="4" failures="0" timestamp="12 feb 2018 22:44:59 GMT" time="0.016" errors="0">
  <testcase name="testMethod1" time="0.0" classname="testclasses.TestNG_Preserve2"/>
  <testcase name="testMethod2" time="0.0" classname="testclasses.TestNG_Preserve2"/>
  <testcase name="testMethod1" time="0.0" classname="testclasses.TestNG_Preserve1"/>
  <testcase name="testMethod2" time="0.016" classname="testclasses.TestNG_Preserve1"/>
</testsuite> <!-- Test 2 -->
