<?xml version="1.0" encoding="UTF-8"?>
<testng-results skipped="0" failed="0" total="1" passed="1">
  <reporter-output>
  </reporter-output>
  <suite name="Default suite" duration-ms="13545" started-at="2018-03-26T23:14:45Z" finished-at="2018-03-26T23:14:59Z">
    <groups>
    </groups>
    <test name="Default test" duration-ms="13545" started-at="2018-03-26T23:14:45Z" finished-at="2018-03-26T23:14:59Z">
      <class name="com.expedia.TestProject.TestWebElements">
        <test-method status="PASS" signature="beforeClass()[pri:0, instance:com.expedia.TestProject.TestWebElements@4501b7af]" name="beforeClass" is-config="true" duration-ms="13266" started-at="2018-03-26T17:14:45Z" finished-at="2018-03-26T17:14:59Z">
          <reporter-output>
          </reporter-output>
        </test-method> <!-- beforeClass -->
        <test-method status="PASS" signature="test()[pri:0, instance:com.expedia.TestProject.TestWebElements@4501b7af]" name="test" duration-ms="267" started-at="2018-03-26T17:14:59Z" finished-at="2018-03-26T17:14:59Z">
          <reporter-output>
          </reporter-output>
        </test-method> <!-- test -->
        <test-method status="PASS" signature="afterClass()[pri:0, instance:com.expedia.TestProject.TestWebElements@4501b7af]" name="afterClass" is-config="true" duration-ms="1" started-at="2018-03-26T17:14:59Z" finished-at="2018-03-26T17:14:59Z">
          <reporter-output>
          </reporter-output>
        </test-method> <!-- afterClass -->
      </class> <!-- com.expedia.TestProject.TestWebElements -->
    </test> <!-- Default test -->
  </suite> <!-- Default suite -->
</testng-results>
